<?xml version="1.0" encoding="UTF-8"?>
<testng-results skipped="0" failed="1" total="7" passed="6">
  <reporter-output>
  </reporter-output>
  <suite name="Hubspot Regression suite" duration-ms="23867" started-at="2020-07-27T08:17:14Z" finished-at="2020-07-27T08:17:38Z">
    <groups>
    </groups>
    <test name="Login Page Test" duration-ms="20981" started-at="2020-07-27T08:17:14Z" finished-at="2020-07-27T08:17:35Z">
      <class name="com.qa.hubspot.tests.LoginPageTest">
        <test-method status="PASS" signature="setup()[pri:0, instance:com.qa.hubspot.tests.LoginPageTest@7dc36524]" name="setup" is-config="true" duration-ms="6204" started-at="2020-07-27T09:17:14Z" finished-at="2020-07-27T09:17:20Z">
          <reporter-output>
          </reporter-output>
        </test-method> <!-- setup -->
        <test-method status="PASS" signature="verifyPageTitle()[pri:1, instance:com.qa.hubspot.tests.LoginPageTest@7dc36524]" name="verifyPageTitle" duration-ms="7424" started-at="2020-07-27T09:17:20Z" finished-at="2020-07-27T09:17:28Z">
          <reporter-output>
          </reporter-output>
        </test-method> <!-- verifyPageTitle -->
        <test-method status="PASS" signature="verifySignUpLink()[pri:2, instance:com.qa.hubspot.tests.LoginPageTest@7dc36524]" name="verifySignUpLink" duration-ms="89" started-at="2020-07-27T09:17:28Z" finished-at="2020-07-27T09:17:28Z">
          <reporter-output>
          </reporter-output>
        </test-method> <!-- verifySignUpLink -->
        <test-method status="PASS" signature="loginTest()[pri:3, instance:com.qa.hubspot.tests.LoginPageTest@7dc36524]" name="loginTest" duration-ms="4135" started-at="2020-07-27T09:17:28Z" finished-at="2020-07-27T09:17:32Z">
          <reporter-output>
          </reporter-output>
        </test-method> <!-- loginTest -->
        <test-method status="PASS" signature="tearDown()[pri:0, instance:com.qa.hubspot.tests.LoginPageTest@7dc36524]" name="tearDown" is-config="true" duration-ms="3107" started-at="2020-07-27T09:17:32Z" finished-at="2020-07-27T09:17:35Z">
          <reporter-output>
          </reporter-output>
        </test-method> <!-- tearDown -->
      </class> <!-- com.qa.hubspot.tests.LoginPageTest -->
    </test> <!-- Login Page Test -->
    <test name="Home Page Test" duration-ms="23867" started-at="2020-07-27T08:17:14Z" finished-at="2020-07-27T08:17:38Z">
      <class name="com.qa.hubspot.tests.HomePageTest">
        <test-method status="PASS" signature="setup()[pri:0, instance:com.qa.hubspot.tests.HomePageTest@1e643faf]" name="setup" is-config="true" duration-ms="17905" started-at="2020-07-27T09:17:14Z" finished-at="2020-07-27T09:17:32Z">
          <reporter-output>
          </reporter-output>
        </test-method> <!-- setup -->
        <test-method status="PASS" signature="verifyHomePageTitle()[pri:1, instance:com.qa.hubspot.tests.HomePageTest@1e643faf]" name="verifyHomePageTitle" duration-ms="5033" started-at="2020-07-27T09:17:32Z" finished-at="2020-07-27T09:17:37Z">
          <reporter-output>
          </reporter-output>
        </test-method> <!-- verifyHomePageTitle -->
        <test-method status="PASS" signature="verifyHomePageHeader()[pri:2, instance:com.qa.hubspot.tests.HomePageTest@1e643faf]" name="verifyHomePageHeader" duration-ms="42" started-at="2020-07-27T09:17:37Z" finished-at="2020-07-27T09:17:37Z">
          <reporter-output>
          </reporter-output>
        </test-method> <!-- verifyHomePageHeader -->
        <test-method status="PASS" signature="verifyCreateDashboardBtn()[pri:3, instance:com.qa.hubspot.tests.HomePageTest@1e643faf]" name="verifyCreateDashboardBtn" duration-ms="55" started-at="2020-07-27T09:17:37Z" finished-at="2020-07-27T09:17:37Z">
          <reporter-output>
          </reporter-output>
        </test-method> <!-- verifyCreateDashboardBtn -->
        <test-method status="FAIL" signature="verifyAccName()[pri:4, instance:com.qa.hubspot.tests.HomePageTest@1e643faf]" name="verifyAccName" duration-ms="74" started-at="2020-07-27T09:17:37Z" finished-at="2020-07-27T09:17:37Z">
          <exception class="java.lang.AssertionError">
            <message>
              <![CDATA[expected [Tamsas] but found []]]>
            </message>
            <full-stacktrace>
              <![CDATA[java.lang.AssertionError: expected [Tamsas] but found []
	at org.testng.Assert.fail(Assert.java:94)
	at org.testng.Assert.failNotEquals(Assert.java:513)
	at org.testng.Assert.assertEqualsImpl(Assert.java:135)
	at org.testng.Assert.assertEquals(Assert.java:116)
	at org.testng.Assert.assertEquals(Assert.java:190)
	at org.testng.Assert.assertEquals(Assert.java:200)
	at com.qa.hubspot.tests.HomePageTest.verifyAccName(HomePageTest.java:61)
	at sun.reflect.NativeMethodAccessorImpl.invoke0(Native Method)
	at sun.reflect.NativeMethodAccessorImpl.invoke(Unknown Source)
	at sun.reflect.DelegatingMethodAccessorImpl.invoke(Unknown Source)
	at java.lang.reflect.Method.invoke(Unknown Source)
	at org.testng.internal.MethodInvocationHelper.invokeMethod(MethodInvocationHelper.java:86)
	at org.testng.internal.Invoker.invokeMethod(Invoker.java:645)
	at org.testng.internal.Invoker.invokeTestMethod(Invoker.java:822)
	at org.testng.internal.Invoker.invokeTestMethods(Invoker.java:1130)
	at org.testng.internal.TestMethodWorker.invokeTestMethods(TestMethodWorker.java:129)
	at org.testng.internal.TestMethodWorker.run(TestMethodWorker.java:112)
	at org.testng.TestRunner.privateRun(TestRunner.java:782)
	at org.testng.TestRunner.run(TestRunner.java:632)
	at org.testng.SuiteRunner.runTest(SuiteRunner.java:366)
	at org.testng.SuiteRunner.access$000(SuiteRunner.java:39)
	at org.testng.SuiteRunner$SuiteWorker.run(SuiteRunner.java:400)
	at org.testng.internal.thread.ThreadUtil$2.call(ThreadUtil.java:64)
	at java.util.concurrent.FutureTask.run(Unknown Source)
	at java.util.concurrent.ThreadPoolExecutor.runWorker(Unknown Source)
	at java.util.concurrent.ThreadPoolExecutor$Worker.run(Unknown Source)
	at java.lang.Thread.run(Unknown Source)
]]>
            </full-stacktrace>
          </exception> <!-- java.lang.AssertionError -->
          <reporter-output>
          </reporter-output>
        </test-method> <!-- verifyAccName -->
        <test-method status="PASS" signature="tearDown()[pri:0, instance:com.qa.hubspot.tests.HomePageTest@1e643faf]" name="tearDown" is-config="true" duration-ms="730" started-at="2020-07-27T09:17:37Z" finished-at="2020-07-27T09:17:38Z">
          <reporter-output>
          </reporter-output>
        </test-method> <!-- tearDown -->
      </class> <!-- com.qa.hubspot.tests.HomePageTest -->
    </test> <!-- Home Page Test -->
  </suite> <!-- Hubspot Regression suite -->
</testng-results>
